2019-10-24 15:39:26
grid search: GradientBoostingRegressor
{'learning_rate': 0.1, 'n_estimators': 101, 'max_depth': 3, 'min_samples_split': 180, 'min_samples_leaf': 70, 'subsample': 0.9, 'random_state': 0}
time: 0:10:22
----------------------------------------------------
2019-10-24 15:52:33
grid search: GradientBoostingRegressor
{'learning_rate': 0.1, 'n_estimators': 100, 'max_depth': 3, 'min_samples_split': 190, 'min_samples_leaf': 70, 'subsample': 0.9, 'random_state': 0}
time: 0:05:49
----------------------------------------------------
2019-10-24 16:03:05
grid search: GradientBoostingRegressor
{'learning_rate': 0.1, 'n_estimators': 100, 'max_depth': 3, 'min_samples_split': 190, 'min_samples_leaf': 70, 'subsample': 0.9, 'random_state': 0}
time: 0:02:12
----------------------------------------------------
2019-10-24 16:54:45
gbdt, learning_rate: 0.013, n_estimators: 700, max_depth: 3, min_samples_split: 190, min_samples_leaf: 70, subsample: 0.8

  mean_squared_error: 55.745555
  mean_absolute_error: 3.888486
  CRPS: 0.004167
time: 0:48:49
----------------------------------------------------
